#Packing pin usage report
Type: io
	Input Pin Usage:
		Max: 1.00 (0.02)
		Avg: 0.45 (0.01)
		Min: 0.00 (0.00)
		Histogram:
		[        0:      5.5) 77 (100.0%) |************************************************
		[      5.5:       11)  0 (  0.0%) |
		[       11:       16)  0 (  0.0%) |
		[       16:       22)  0 (  0.0%) |
		[       22:       28)  0 (  0.0%) |
		[       28:       33)  0 (  0.0%) |
		[       33:       38)  0 (  0.0%) |
		[       38:       44)  0 (  0.0%) |
		[       44:       50)  0 (  0.0%) |
		[       50:       55)  0 (  0.0%) |
	Output Pin Usage:
		Max: 1.00 (0.03)
		Avg: 0.55 (0.01)
		Min: 0.00 (0.00)
		Histogram:
		[        0:        4) 77 (100.0%) |************************************************
		[        4:        8)  0 (  0.0%) |
		[        8:       12)  0 (  0.0%) |
		[       12:       16)  0 (  0.0%) |
		[       16:       20)  0 (  0.0%) |
		[       20:       24)  0 (  0.0%) |
		[       24:       28)  0 (  0.0%) |
		[       28:       32)  0 (  0.0%) |
		[       32:       36)  0 (  0.0%) |
		[       36:       40)  0 (  0.0%) |

Type: LAB
	Input Pin Usage:
		Max: 62.00 (0.68)
		Avg: 21.28 (0.23)
		Min: 2.00 (0.02)
		Histogram:
		[        0:      9.1) 899 ( 28.9%) |***********************************************
		[      9.1:       18) 765 ( 24.6%) |****************************************
		[       18:       27) 267 (  8.6%) |**************
		[       27:       36) 618 ( 19.9%) |********************************
		[       36:       46) 377 ( 12.1%) |********************
		[       46:       55) 176 (  5.7%) |*********
		[       55:       64)  10 (  0.3%) |*
		[       64:       73)   0 (  0.0%) |
		[       73:       82)   0 (  0.0%) |
		[       82:       91)   0 (  0.0%) |
	Output Pin Usage:
		Max: 39.00 (0.93)
		Avg: 13.95 (0.33)
		Min: 1.00 (0.02)
		Histogram:
		[        0:      4.2) 302 (  9.7%) |*****************
		[      4.2:      8.4) 812 ( 26.1%) |***********************************************
		[      8.4:       13) 453 ( 14.6%) |**************************
		[       13:       17) 294 (  9.4%) |*****************
		[       17:       21) 528 ( 17.0%) |*******************************
		[       21:       25) 494 ( 15.9%) |*****************************
		[       25:       29) 156 (  5.0%) |*********
		[       29:       34)  49 (  1.6%) |***
		[       34:       38)  21 (  0.7%) |*
		[       38:       42)   3 (  0.1%) |

Type: DSP
	Input Pin Usage:
		Max: 299.00 (0.80)
		Avg: 238.16 (0.64)
		Min: 81.00 (0.22)
		Histogram:
		[        0:       38)  0 (  0.0%) |
		[       38:       75)  0 (  0.0%) |
		[       75:  1.1e+02)  3 (  3.4%) |***
		[  1.1e+02:  1.5e+02)  0 (  0.0%) |
		[  1.5e+02:  1.9e+02)  9 ( 10.1%) |**********
		[  1.9e+02:  2.2e+02) 34 ( 38.2%) |**************************************
		[  2.2e+02:  2.6e+02)  0 (  0.0%) |
		[  2.6e+02:    3e+02) 43 ( 48.3%) |************************************************
		[    3e+02:  3.4e+02)  0 (  0.0%) |
		[  3.4e+02:  3.8e+02)  0 (  0.0%) |
	Output Pin Usage:
		Max: 96.00 (0.45)
		Avg: 59.15 (0.28)
		Min: 34.00 (0.16)
		Histogram:
		[        0:       21)  0 (  0.0%) |
		[       21:       42)  7 (  7.9%) |********
		[       42:       64) 43 ( 48.3%) |************************************************
		[       64:       85) 35 ( 39.3%) |***************************************
		[       85:  1.1e+02)  4 (  4.5%) |****
		[  1.1e+02:  1.3e+02)  0 (  0.0%) |
		[  1.3e+02:  1.5e+02)  0 (  0.0%) |
		[  1.5e+02:  1.7e+02)  0 (  0.0%) |
		[  1.7e+02:  1.9e+02)  0 (  0.0%) |
		[  1.9e+02:  2.1e+02)  0 (  0.0%) |

Type: M9K
	Input Pin Usage:
		Max: 54.00 (0.51)
		Avg: 35.99 (0.34)
		Min: 4.00 (0.04)
		Histogram:
		[        0:       11)  2 (  1.5%) |*
		[       11:       21) 13 (  9.6%) |*********
		[       21:       32)  4 (  2.9%) |***
		[       32:       42) 70 ( 51.5%) |************************************************
		[       42:       53) 46 ( 33.8%) |********************************
		[       53:       64)  1 (  0.7%) |*
		[       64:       74)  0 (  0.0%) |
		[       74:       85)  0 (  0.0%) |
		[       85:       95)  0 (  0.0%) |
		[       95:  1.1e+02)  0 (  0.0%) |
	Output Pin Usage:
		Max: 36.00 (0.92)
		Avg: 15.46 (0.40)
		Min: 1.00 (0.03)
		Histogram:
		[        0:      3.9) 65 ( 47.8%) |************************************************
		[      3.9:      7.8)  0 (  0.0%) |
		[      7.8:       12) 10 (  7.4%) |*******
		[       12:       16)  2 (  1.5%) |*
		[       16:       20)  5 (  3.7%) |****
		[       20:       23)  3 (  2.2%) |**
		[       23:       27)  1 (  0.7%) |*
		[       27:       31)  4 (  2.9%) |***
		[       31:       35)  8 (  5.9%) |******
		[       35:       39) 38 ( 27.9%) |****************************

