#Timing report of worst 6 path(s)
# Unit scale: 1e-09 seconds
# Output precision: 3

#Path 1
Startpoint: i_reset.inpad[0] (.input clocked by clk)
Endpoint  : $sdff~1^Q~0.D[0] (.latch clocked by clk)
Path Type : hold

Point                                                             Incr      Path
--------------------------------------------------------------------------------
clock clk (rise edge)                                            0.000     0.000
clock source latency                                             0.000     0.000
input external delay                                             0.000     0.000
i_reset.inpad[0] (.input)                                        0.000     0.000
n19.in[0] (.names)                                               0.150     0.150
n19.out[0] (.names)                                              0.235     0.385
$sdff~1^Q~0.D[0] (.latch)                                        0.000     0.385
data arrival time                                                          0.385

clock clk (rise edge)                                            0.000     0.000
clock source latency                                             0.000     0.000
clk.inpad[0] (.input)                                            0.000     0.000
$sdff~1^Q~0.clk[0] (.latch)                                      0.000     0.000
clock uncertainty                                                0.000     0.000
cell hold time                                                   0.066     0.066
data required time                                                         0.066
--------------------------------------------------------------------------------
data required time                                                        -0.066
data arrival time                                                          0.385
--------------------------------------------------------------------------------
slack (MET)                                                                0.319


#Path 2
Startpoint: i_reset.inpad[0] (.input clocked by clk)
Endpoint  : $sdff~1^Q~1.D[0] (.latch clocked by clk)
Path Type : hold

Point                                                             Incr      Path
--------------------------------------------------------------------------------
clock clk (rise edge)                                            0.000     0.000
clock source latency                                             0.000     0.000
input external delay                                             0.000     0.000
i_reset.inpad[0] (.input)                                        0.000     0.000
n24.in[0] (.names)                                               0.150     0.150
n24.out[0] (.names)                                              0.235     0.385
$sdff~1^Q~1.D[0] (.latch)                                        0.000     0.385
data arrival time                                                          0.385

clock clk (rise edge)                                            0.000     0.000
clock source latency                                             0.000     0.000
clk.inpad[0] (.input)                                            0.000     0.000
$sdff~1^Q~1.clk[0] (.latch)                                      0.000     0.000
clock uncertainty                                                0.000     0.000
cell hold time                                                   0.066     0.066
data required time                                                         0.066
--------------------------------------------------------------------------------
data required time                                                        -0.066
data arrival time                                                          0.385
--------------------------------------------------------------------------------
slack (MET)                                                                0.319


#Path 3
Startpoint: i_reset.inpad[0] (.input clocked by clk)
Endpoint  : $sdff~1^Q~2.D[0] (.latch clocked by clk)
Path Type : hold

Point                                                             Incr      Path
--------------------------------------------------------------------------------
clock clk (rise edge)                                            0.000     0.000
clock source latency                                             0.000     0.000
input external delay                                             0.000     0.000
i_reset.inpad[0] (.input)                                        0.000     0.000
n29.in[0] (.names)                                               0.150     0.150
n29.out[0] (.names)                                              0.235     0.385
$sdff~1^Q~2.D[0] (.latch)                                        0.000     0.385
data arrival time                                                          0.385

clock clk (rise edge)                                            0.000     0.000
clock source latency                                             0.000     0.000
clk.inpad[0] (.input)                                            0.000     0.000
$sdff~1^Q~2.clk[0] (.latch)                                      0.000     0.000
clock uncertainty                                                0.000     0.000
cell hold time                                                   0.066     0.066
data required time                                                         0.066
--------------------------------------------------------------------------------
data required time                                                        -0.066
data arrival time                                                          0.385
--------------------------------------------------------------------------------
slack (MET)                                                                0.319


#Path 4
Startpoint: i_reset.inpad[0] (.input clocked by clk)
Endpoint  : $sdff~1^Q~3.D[0] (.latch clocked by clk)
Path Type : hold

Point                                                             Incr      Path
--------------------------------------------------------------------------------
clock clk (rise edge)                                            0.000     0.000
clock source latency                                             0.000     0.000
input external delay                                             0.000     0.000
i_reset.inpad[0] (.input)                                        0.000     0.000
n34.in[0] (.names)                                               0.150     0.150
n34.out[0] (.names)                                              0.235     0.385
$sdff~1^Q~3.D[0] (.latch)                                        0.000     0.385
data arrival time                                                          0.385

clock clk (rise edge)                                            0.000     0.000
clock source latency                                             0.000     0.000
clk.inpad[0] (.input)                                            0.000     0.000
$sdff~1^Q~3.clk[0] (.latch)                                      0.000     0.000
clock uncertainty                                                0.000     0.000
cell hold time                                                   0.066     0.066
data required time                                                         0.066
--------------------------------------------------------------------------------
data required time                                                        -0.066
data arrival time                                                          0.385
--------------------------------------------------------------------------------
slack (MET)                                                                0.319


#Path 5
Startpoint: i_reset.inpad[0] (.input clocked by clk)
Endpoint  : $sdff~1^Q~4.D[0] (.latch clocked by clk)
Path Type : hold

Point                                                             Incr      Path
--------------------------------------------------------------------------------
clock clk (rise edge)                                            0.000     0.000
clock source latency                                             0.000     0.000
input external delay                                             0.000     0.000
i_reset.inpad[0] (.input)                                        0.000     0.000
n39.in[0] (.names)                                               0.150     0.150
n39.out[0] (.names)                                              0.235     0.385
$sdff~1^Q~4.D[0] (.latch)                                        0.000     0.385
data arrival time                                                          0.385

clock clk (rise edge)                                            0.000     0.000
clock source latency                                             0.000     0.000
clk.inpad[0] (.input)                                            0.000     0.000
$sdff~1^Q~4.clk[0] (.latch)                                      0.000     0.000
clock uncertainty                                                0.000     0.000
cell hold time                                                   0.066     0.066
data required time                                                         0.066
--------------------------------------------------------------------------------
data required time                                                        -0.066
data arrival time                                                          0.385
--------------------------------------------------------------------------------
slack (MET)                                                                0.319


#Path 6
Startpoint: $sdff~1^Q~4.Q[0] (.latch clocked by clk)
Endpoint  : out:o_led.outpad[0] (.output clocked by clk)
Path Type : hold

Point                                                             Incr      Path
--------------------------------------------------------------------------------
clock clk (rise edge)                                            0.000     0.000
clock source latency                                             0.000     0.000
clk.inpad[0] (.input)                                            0.000     0.000
$sdff~1^Q~4.clk[0] (.latch)                                      0.000     0.000
$sdff~1^Q~4.Q[0] (.latch) [clock-to-output]                      0.124     0.124
o_led.in[0] (.names)                                             0.000     0.124
o_led.out[0] (.names)                                            0.235     0.359
out:o_led.outpad[0] (.output)                                    0.304     0.663
data arrival time                                                          0.663

clock clk (rise edge)                                            0.000     0.000
clock source latency                                             0.000     0.000
clock uncertainty                                                0.000     0.000
output external delay                                            0.000     0.000
data required time                                                         0.000
--------------------------------------------------------------------------------
data required time                                                        -0.000
data arrival time                                                          0.663
--------------------------------------------------------------------------------
slack (MET)                                                                0.663


#End of timing report
