/usr/bin/env time -v /home/majx/vtr-verilog-to-routing/vpr/vpr EArch.xml blink --circuit_file blink.pre-vpr.blif --route_chan_width 100
VPR FPGA Placement and Routing.
Version: 8.1.0-dev+e1a876dba
Revision: v8.0.0-8134-ge1a876dba
Compiled: 2023-07-09T14:59:04
Compiler: GNU 11.3.0 on Linux-5.15.90.1-microsoft-standard-WSL2 x86_64
Build Info: release IPO VTR_ASSERT_LEVEL=2

University of Toronto
verilogtorouting.org
vtr-users@googlegroups.com
This is free open source code under MIT license.

VPR was run with the following command-line:
/home/majx/vtr-verilog-to-routing/vpr/vpr EArch.xml blink --circuit_file blink.pre-vpr.blif --route_chan_width 100


Architecture file: EArch.xml
Circuit name: blink

# Loading Architecture Description
# Loading Architecture Description took 0.01 seconds (max_rss 16.9 MiB, delta_rss +2.3 MiB)

Timing analysis: ON
Circuit netlist file: blink.net
Circuit placement file: blink.place
Circuit routing file: blink.route
Circuit SDC file: blink.sdc
Vpr floorplanning constraints file: not specified

Packer: ENABLED
Placer: ENABLED
Router: ENABLED
Analysis: ENABLED

VPR was run with the following options:

NetlistOpts.abosrb_buffer_luts            : true
NetlistOpts.sweep_dangling_primary_ios    : true
NetlistOpts.sweep_dangling_nets           : true
NetlistOpts.sweep_dangling_blocks         : true
NetlistOpts.sweep_constant_primary_outputs: false
NetlistOpts.netlist_verbosity             : 1
NetlistOpts.const_gen_inference           : COMB_SEQ

PackerOpts.allow_unrelated_clustering: auto
PackerOpts.alpha_clustering: 0.750000
PackerOpts.beta_clustering: 0.900000
PackerOpts.cluster_seed_type: BLEND2
PackerOpts.connection_driven: true
PackerOpts.global_clocks: true
PackerOpts.hill_climbing_flag: false
PackerOpts.inter_cluster_net_delay: 1.000000
PackerOpts.timing_driven: true
PackerOpts.target_external_pin_util: auto

PlacerOpts.place_freq: PLACE_ONCE
PlacerOpts.place_algorithm: CRITICALITY_TIMING_PLACE
PlacerOpts.pad_loc_type: FREE
PlacerOpts.constraints_file: No constraints file given
PlacerOpts.place_cost_exp: 1.000000
PlacerOpts.place_chan_width: 100
PlacerOpts.inner_loop_recompute_divider: 0
PlacerOpts.recompute_crit_iter: 1
PlacerOpts.timing_tradeoff: 0.500000
PlacerOpts.td_place_exp_first: 1.000000
PlacerOpts.td_place_exp_last: 8.000000
PlacerOpts.delay_offset: 0.000000
PlacerOpts.delay_ramp_delta_threshold: -1
PlacerOpts.delay_ramp_slope: 0.000000
PlacerOpts.tsu_rel_margin: 1.000000
PlacerOpts.tsu_abs_margin: 0.000000
PlacerOpts.post_place_timing_report_file: 
PlacerOpts.allowed_tiles_for_delay_model: 
PlacerOpts.delay_model_reducer: MIN
PlacerOpts.delay_model_type: DELTA
PlacerOpts.rlim_escape_fraction: 0.000000
PlacerOpts.move_stats_file: 
PlacerOpts.placement_saves_per_temperature: 0
PlacerOpts.effort_scaling: CIRCUIT
PlacerOpts.place_delta_delay_matrix_calculation_method: ASTAR_ROUTE
PlaceOpts.seed: 1
AnnealSched.type: AUTO_SCHED
AnnealSched.inner_num: 0.500000

RouterOpts.route_type: DETAILED
RouterOpts.flat_routing: false
RouterOpts.has_choking_spot: false
RouterOpts.router_algorithm: TIMING_DRIVEN
RouterOpts.base_cost_type: DELAY_NORMALIZED_LENGTH
RouterOpts.fixed_channel_width: 100
RouterOpts.check_route: FULL
RouterOpts.acc_fac: 1.000000
RouterOpts.bb_factor: 3
RouterOpts.bend_cost: 0.000000
RouterOpts.first_iter_pres_fac: 0.000000
RouterOpts.initial_pres_fac: 0.500000
RouterOpts.pres_fac_mult: 1.300000
RouterOpts.max_router_iterations: 50
RouterOpts.min_incremental_reroute_fanout: 16
RouterOpts.do_check_rr_graph: true
RouterOpts.verify_binary_search: false
RouterOpts.min_channel_width_hint: 0
RouterOpts.read_rr_edge_metadata: false
RouterOpts.exit_after_first_routing_iteration: false
RouterOpts.astar_fac: 1.200000
RouterOpts.router_profiler_astar_fac: 1.200000
RouterOpts.criticality_exp: 1.000000
RouterOpts.max_criticality: 0.990000
RouterOpts.init_wirelength_abort_threshold: 0.850000
RouterOpts.save_routing_per_iteration: false
RouterOpts.congested_routing_iteration_threshold_frac: 1.000000
RouterOpts.high_fanout_threshold: 64
RouterOpts.router_debug_net: -2
RouterOpts.router_debug_sink_rr: -2
RouterOpts.router_debug_iteration: -2
RouterOpts.max_convergence_count: 1
RouterOpts.reconvergence_cpd_threshold: 0.990000
RouterOpts.update_lower_bound_delays: true
RouterOpts.first_iteration_timing_report_file: 
RouterOpts.incr_reroute_delay_ripup: AUTO
RouterOpts.route_bb_update: DYNAMIC
RouterOpts.lookahead_type: MAP
RouterOpts.initial_timing: LOOKAHEAD
RouterOpts.router_heap: BINARY_HEAP
RouterOpts.routing_failure_predictor = SAFE
RouterOpts.routing_budgets_algorithm = DISABLE

AnalysisOpts.gen_post_synthesis_netlist: false
AnalysisOpts.timing_report_npaths: 100
AnalysisOpts.timing_report_skew: false
AnalysisOpts.echo_dot_timing_graph_node: -1
AnalysisOpts.timing_report_detail: NETLIST
AnalysisOpts.post_synth_netlist_unconn_input_handling: UNCONNECTED
AnalysisOpts.post_synth_netlist_unconn_output_handling: UNCONNECTED

# Building complex block graph
Warning 1: io[0].clock[0] unconnected pin in architecture.
# Building complex block graph took 0.02 seconds (max_rss 24.9 MiB, delta_rss +8.0 MiB)
Circuit file: blink.pre-vpr.blif
# Load circuit
Found constant-one generator 'vcc'
Found constant-zero generator 'gnd'
Found constant-zero generator 'unconn'
# Load circuit took 0.00 seconds (max_rss 24.9 MiB, delta_rss +0.0 MiB)
# Clean circuit
Absorbed 0 LUT buffers
Inferred    0 additional primitive pins as constant generators since they have no combinationally connected inputs
Inferred    2 additional primitive pins as constant generators due to constant inputs
Inferred    0 additional primitive pins as constant generators since they have no combinationally connected inputs
Inferred    0 additional primitive pins as constant generators due to constant inputs
Swept input(s)      : 0
Swept output(s)     : 0 (0 dangling, 0 constant)
Swept net(s)        : 2
Swept block(s)      : 0
Constant Pins Marked: 2
# Clean circuit took 0.00 seconds (max_rss 24.9 MiB, delta_rss +0.0 MiB)
# Compress circuit
# Compress circuit took 0.00 seconds (max_rss 24.9 MiB, delta_rss +0.0 MiB)
# Verify circuit
# Verify circuit took 0.00 seconds (max_rss 24.9 MiB, delta_rss +0.0 MiB)
Circuit Statistics:
  Blocks: 22
    .input :       2
    .latch :       5
    .output:       1
    0-LUT  :       2
    6-LUT  :       6
    adder  :       6
  Nets  : 25
    Avg Fanout:     1.4
    Max Fanout:     5.0
    Min Fanout:     1.0
  Netlist Clocks: 1
# Build Timing Graph
  Timing Graph Nodes: 61
  Timing Graph Edges: 80
  Timing Graph Levels: 16
# Build Timing Graph took 0.00 seconds (max_rss 24.9 MiB, delta_rss +0.0 MiB)
Netlist contains 1 clocks
  Netlist Clock 'clk' Fanout: 5 pins (8.2%), 5 blocks (22.7%)
# Load Timing Constraints

SDC file 'blink.sdc' not found
Setting default timing constraints:
   * constrain all primay inputs and primary outputs on netlist clock 'clk'
   * optimize netlist clock to run as fast as possible
Timing constraints created 1 clocks
  Constrained Clock 'clk' Source: 'clk.inpad[0]'

# Load Timing Constraints took 0.00 seconds (max_rss 24.9 MiB, delta_rss +0.0 MiB)
# Packing
Begin packing 'blink.pre-vpr.blif'.

After removing unused inputs...
	total blocks: 22, total nets: 25, total inputs: 2, total outputs: 1
Begin prepacking.

There is one chain in this architecture called "chain" with the following starting points:
	clb[0]/fle[0]/lut5inter[0]/ble5[0]/arithmetic[0]/adder[0].cin[0]

0 attraction groups were created during prepacking.
Finish prepacking.
Using inter-cluster delay: 1.33777e-09
Packing with pin utilization targets: io:1,1 clb:0.8,1 mult_36:1,1 memory:1,1
Packing with high fanout thresholds: io:128 clb:32 mult_36:128 memory:128
Starting Clustering - Clustering Progress: 
-------------------   --------------------------   ---------
Molecules processed   Number of clusters created   FPGA size
-------------------   --------------------------   ---------

Logic Element (fle) detailed count:
  Total number of Logic Elements used : 7
  LEs used for logic and registers    : 3
  LEs used for logic only             : 4
  LEs used for registers only         : 0

Incr Slack updates 1 in 2.948e-06 sec
Full Max Req/Worst Slack updates 1 in 1.847e-06 sec
Incr Max Req/Worst Slack updates 0 in 0 sec
Incr Criticality updates 0 in 0 sec
Full Criticality updates 1 in 1.859e-06 sec
FPGA sized to 3 x 3 (auto)
Device Utilization: 0.15 (target 1.00)
	Block Utilization: 0.09 Type: io
	Block Utilization: 1.00 Type: clb

Start the iterative improvement process
the iterative improvement process is done
Final Clustering Statistics: 
----------   --------   ------------------------------------   --------------------------
Block Type   # Blocks   Avg. # of input clocks and pins used   Avg. # of output pins used
----------   --------   ------------------------------------   --------------------------
     EMPTY          0                                      0                            0   
        io          3                               0.333333                     0.666667   
       clb          1                                      3                            2   
   mult_36          0                                      0                            0   
    memory          0                                      0                            0   
Absorbed logical nets 21 out of 25 nets, 4 nets not absorbed.

Netlist conversion complete.

# Packing took 0.01 seconds (max_rss 25.3 MiB, delta_rss +0.5 MiB)
# Load packing
Begin loading packed FPGA netlist file.
Netlist generated from file 'blink.net'.
Detected 2 constant generators (to see names run with higher pack verbosity)
Finished loading packed FPGA netlist file (took 0.015588 seconds).
Warning 2: Treated 1 constant nets as global which will not be routed (to see net names increase packer verbosity).
# Load packing took 0.02 seconds (max_rss 63.6 MiB, delta_rss +38.3 MiB)
Warning 3: Netlist contains 2 global net to non-global architecture pin connections
Cluster level netlist and block usage statistics
Netlist num_nets: 4
Netlist num_blocks: 4
Netlist EMPTY blocks: 0.
Netlist io blocks: 3.
Netlist clb blocks: 1.
Netlist mult_36 blocks: 0.
Netlist memory blocks: 0.
Netlist inputs pins: 2
Netlist output pins: 1

Pb types usage...
  io               : 3
   inpad           : 2
   outpad          : 1
  clb              : 1
   fle             : 7
    lut5inter      : 7
     ble5          : 14
      flut5        : 8
       lut5        : 8
        lut        : 8
       ff          : 5
      arithmetic   : 6
       adder       : 6

# Create Device
## Build Device Grid
FPGA sized to 3 x 3: 9 grid tiles (auto)

Resource usage...
	Netlist
		3	blocks of type: io
	Architecture
		32	blocks of type: io
	Netlist
		1	blocks of type: clb
	Architecture
		1	blocks of type: clb
	Netlist
		0	blocks of type: mult_36
	Architecture
		0	blocks of type: mult_36
	Netlist
		0	blocks of type: memory
	Architecture
		0	blocks of type: memory

Device Utilization: 0.15 (target 1.00)
	Physical Tile io:
	Block Utilization: 0.09 Logical Block: io
	Physical Tile clb:
	Block Utilization: 1.00 Logical Block: clb

## Build Device Grid took 0.00 seconds (max_rss 63.7 MiB, delta_rss +0.0 MiB)
## Build routing resource graph
SOURCE->OPIN and IPIN->SINK edge count:171
OPIN->CHANX/CHANY edge count before creating direct connections: 520
OPIN->CHANX/CHANY edge count after creating direct connections: 520
CHAN->CHAN type edge count:1696
## Build routing resource graph took 0.00 seconds (max_rss 63.7 MiB, delta_rss +0.0 MiB)
  RR Graph Nodes: 694
  RR Graph Edges: 2387
# Create Device took 0.00 seconds (max_rss 63.7 MiB, delta_rss +0.0 MiB)

# Computing router lookahead map
## Computing wire lookahead
## Computing wire lookahead took 0.00 seconds (max_rss 63.7 MiB, delta_rss +0.0 MiB)
## Computing src/opin lookahead
Warning 4: Found no more sample locations for SOURCE in clb
Warning 5: Found no more sample locations for OPIN in clb
## Computing src/opin lookahead took 0.00 seconds (max_rss 63.7 MiB, delta_rss +0.0 MiB)
# Computing router lookahead map took 0.00 seconds (max_rss 63.7 MiB, delta_rss +0.0 MiB)
# Computing placement delta delay look-up
RR graph channel widths unchanged, skipping RR graph rebuild
## Computing delta delays
## Computing delta delays took 0.00 seconds (max_rss 63.7 MiB, delta_rss +0.0 MiB)
# Computing placement delta delay look-up took 0.00 seconds (max_rss 63.7 MiB, delta_rss +0.0 MiB)
Using simple RL 'Softmax agent' for choosing move and block types
# Placement
## Initial Placement
Initial placement iteration 0 has finished successfully
## Initial Placement took 0.00 seconds (max_rss 63.7 MiB, delta_rss +0.0 MiB)

There are 2 point to point connections in this circuit.


BB estimate of min-dist (placement) wire length: 4

Completed placement consistency check successfully.
Initial placement cost: 1 bb_cost: 0.04 td_cost: 1.27699e-10
Initial placement estimated Critical Path Delay (CPD): 1.47 ns
Initial placement estimated setup Total Negative Slack (sTNS): -7.6699 ns
Initial placement estimated setup Worst Negative Slack (sWNS): -1.47 ns

Initial placement estimated setup slack histogram:
[ -1.5e-09: -1.4e-09) 4 ( 66.7%) |*************************************************
[ -1.4e-09: -1.3e-09) 0 (  0.0%) |
[ -1.3e-09: -1.2e-09) 0 (  0.0%) |
[ -1.2e-09: -1.2e-09) 0 (  0.0%) |
[ -1.2e-09: -1.1e-09) 1 ( 16.7%) |************
[ -1.1e-09:   -1e-09) 0 (  0.0%) |
[   -1e-09: -9.4e-10) 0 (  0.0%) |
[ -9.4e-10: -8.6e-10) 0 (  0.0%) |
[ -8.6e-10: -7.9e-10) 0 (  0.0%) |
[ -7.9e-10: -7.1e-10) 1 ( 16.7%) |************
Placement contains 0 placement macros involving 0 blocks (average macro size -nan)

Moves per temperature: 3
Warning 6: Starting t: 2 of 3 configurations accepted.

---- ------ ------- ------- ---------- ---------- ------- ---------- -------- ------- ------- ------ -------- --------- ------
Tnum   Time       T Av Cost Av BB Cost Av TD Cost     CPD       sTNS     sWNS Ac Rate Std Dev  R lim Crit Exp Tot Moves  Alpha
      (sec)                                          (ns)       (ns)     (ns)                                                 
---- ------ ------- ------- ---------- ---------- ------- ---------- -------- ------- ------- ------ -------- --------- ------
   1    0.0 0.0e+00   1.000       0.04 1.277e-10    1.470      -7.67   -1.470   0.333  0.0000    2.0     1.00         3  0.200
   2    0.0 0.0e+00   1.000       0.04 1.277e-10    1.470      -7.67   -1.470   1.000  0.0000    2.0     1.00         6  0.950
## Placement Quench took 0.00 seconds (max_rss 63.7 MiB)
post-quench CPD = 1.47 (ns) 

BB estimate of min-dist (placement) wire length: 4

Completed placement consistency check successfully.

Swaps called: 9

Aborted Move Reasons:
  No moves aborted

Placement estimated critical path delay (least slack): 1.47 ns, Fmax: 680.272 MHz
Placement estimated setup Worst Negative Slack (sWNS): -1.47 ns
Placement estimated setup Total Negative Slack (sTNS): -7.6699 ns

Placement estimated setup slack histogram:
[ -1.5e-09: -1.4e-09) 4 ( 66.7%) |*************************************************
[ -1.4e-09: -1.3e-09) 0 (  0.0%) |
[ -1.3e-09: -1.2e-09) 0 (  0.0%) |
[ -1.2e-09: -1.2e-09) 0 (  0.0%) |
[ -1.2e-09: -1.1e-09) 1 ( 16.7%) |************
[ -1.1e-09:   -1e-09) 0 (  0.0%) |
[   -1e-09: -9.4e-10) 0 (  0.0%) |
[ -9.4e-10: -8.6e-10) 0 (  0.0%) |
[ -8.6e-10: -7.9e-10) 0 (  0.0%) |
[ -7.9e-10: -7.1e-10) 1 ( 16.7%) |************

Placement estimated geomean non-virtual intra-domain period: 1.47 ns (680.272 MHz)
Placement estimated fanout-weighted geomean non-virtual intra-domain period: 1.47 ns (680.272 MHz)

Placement cost: 1, bb_cost: 0.04, td_cost: 1.27699e-10, 

Placement resource usage:
  io  implemented as io : 3
  clb implemented as clb: 1

Placement number of temperatures: 2
Placement total # of swap attempts: 9
	Swaps accepted: 6 (66.7 %)
	Swaps rejected: 0 ( 0.0 %)
	Swaps aborted : 3 (33.3 %)


Placement perturbation distribution by block and move type: 
------------------ ----------------- ---------------- ---------------- --------------- ------------ 
    Block Type         Move Type       (%) of Total      Accepted(%)     Rejected(%)    Aborted(%)
------------------ ----------------- ---------------- ---------------- --------------- ------------ 
io                 Uniform                11.11            100.00          0.00           0.00         
                   Median                 22.22            100.00          0.00           0.00         
                   W. Centroid            11.11            100.00          0.00           0.00         
                   Centroid               11.11            100.00          0.00           0.00         
                   W. Median              11.11            100.00          0.00           0.00         

clb                Uniform                11.11            0.00            0.00           100.00       
                   Median                 22.22            0.00            0.00           100.00       


Placement Quench timing analysis took 8.493e-06 seconds (5.935e-06 STA, 2.558e-06 slack) (1 full updates: 1 setup, 0 hold, 0 combined).
Placement Total  timing analysis took 0.000262663 seconds (0.000246509 STA, 1.6154e-05 slack) (4 full updates: 4 setup, 0 hold, 0 combined).
update_td_costs: connections 0 nets 0 sum_nets 0 total 0
# Placement took 0.00 seconds (max_rss 63.7 MiB, delta_rss +0.0 MiB)

# Routing
RR graph channel widths unchanged, skipping RR graph rebuild
Confirming router algorithm: TIMING_DRIVEN.
## Initializing router criticalities
Initial Net Connection Criticality Histogram:
[        0:      0.1) 2 ( 50.0%) |*************************************************
[      0.1:      0.2) 0 (  0.0%) |
[      0.2:      0.3) 0 (  0.0%) |
[      0.3:      0.4) 1 ( 25.0%) |*************************
[      0.4:      0.5) 1 ( 25.0%) |*************************
[      0.5:      0.6) 0 (  0.0%) |
[      0.6:      0.7) 0 (  0.0%) |
[      0.7:      0.8) 0 (  0.0%) |
[      0.8:      0.9) 0 (  0.0%) |
[      0.9:        1) 0 (  0.0%) |
## Initializing router criticalities took 0.00 seconds (max_rss 63.7 MiB, delta_rss +0.0 MiB)
---- ------ ------- ---- ------- ------- ------- ----------------- --------------- -------- ---------- ---------- ---------- ---------- --------
Iter   Time    pres  BBs    Heap  Re-Rtd  Re-Rtd Overused RR Nodes      Wirelength      CPD       sTNS       sWNS       hTNS       hWNS Est Succ
      (sec)     fac Updt    push    Nets   Conns                                       (ns)       (ns)       (ns)       (ns)       (ns)     Iter
---- ------ ------- ---- ------- ------- ------- ----------------- --------------- -------- ---------- ---------- ---------- ---------- --------
   1    0.0     0.0    0      53       2       2       0 ( 0.000%)       4 ( 1.0%)    1.470     -7.824     -1.470      0.000      0.000      N/A
Incr Slack updates 4 in 4.802e-06 sec
Full Max Req/Worst Slack updates 1 in 1.65e-06 sec
Incr Max Req/Worst Slack updates 3 in 1.526e-06 sec
Incr Criticality updates 3 in 3.461e-06 sec
Full Criticality updates 1 in 1.819e-06 sec
Restoring best routing
Critical path: 1.47 ns
Successfully routed after 1 routing iterations.
Final Net Connection Criticality Histogram:
[        0:      0.1) 2 ( 50.0%) |*************************************************
[      0.1:      0.2) 0 (  0.0%) |
[      0.2:      0.3) 0 (  0.0%) |
[      0.3:      0.4) 1 ( 25.0%) |*************************
[      0.4:      0.5) 0 (  0.0%) |
[      0.5:      0.6) 1 ( 25.0%) |*************************
[      0.6:      0.7) 0 (  0.0%) |
[      0.7:      0.8) 0 (  0.0%) |
[      0.8:      0.9) 0 (  0.0%) |
[      0.9:        1) 0 (  0.0%) |
Router Stats: total_nets_routed: 2 total_connections_routed: 2 total_heap_pushes: 53 total_heap_pops: 32 total_internal_heap_pushes: 0 total_internal_heap_pops: 0 total_external_heap_pushes: 53 total_external_heap_pops: 32 total_external_SOURCE_pushes: 2 total_external_SOURCE_pops: 2 total_internal_SOURCE_pushes: 0 total_internal_SOURCE_pops: 0 rt_node_SOURCE_pushes: 2 rt_node_SOURCE_high_fanout_pushes: 0 rt_node_SOURCE_entire_tree_pushes: 2 total_external_SINK_pushes: 6 total_external_SINK_pops: 5 total_internal_SINK_pushes: 0 total_internal_SINK_pops: 0 rt_node_SINK_pushes: 0 rt_node_SINK_high_fanout_pushes: 0 rt_node_SINK_entire_tree_pushes: 0 total_external_IPIN_pushes: 6 total_external_IPIN_pops: 6 total_internal_IPIN_pushes: 0 total_internal_IPIN_pops: 0 rt_node_IPIN_pushes: 0 rt_node_IPIN_high_fanout_pushes: 0 rt_node_IPIN_entire_tree_pushes: 0 total_external_OPIN_pushes: 2 total_external_OPIN_pops: 2 total_internal_OPIN_pushes: 0 total_internal_OPIN_pops: 0 rt_node_OPIN_pushes: 0 rt_node_OPIN_high_fanout_pushes: 0 rt_node_OPIN_entire_tree_pushes: 0 total_external_CHANX_pushes: 14 total_external_CHANX_pops: 13 total_internal_CHANX_pushes: 0 total_internal_CHANX_pops: 0 rt_node_CHANX_pushes: 0 rt_node_CHANX_high_fanout_pushes: 0 rt_node_CHANX_entire_tree_pushes: 0 total_external_CHANY_pushes: 23 total_external_CHANY_pops: 4 total_internal_CHANY_pushes: 0 total_internal_CHANY_pops: 0 rt_node_CHANY_pushes: 0 rt_node_CHANY_high_fanout_pushes: 0 rt_node_CHANY_entire_tree_pushes: 0 total_number_of_adding_all_rt: 2 total_number_of_adding_high_fanout_rt: 0 total_number_of_adding_all_rt_from_calling_high_fanout_rt: 0 
# Routing took 0.00 seconds (max_rss 63.7 MiB, delta_rss +0.0 MiB)

Checking to ensure routing is legal...
# Checking to ensure non-configurable edges are legal
# Checking to ensure non-configurable edges are legal took 0.00 seconds (max_rss 63.7 MiB, delta_rss +0.0 MiB)
Completed routing consistency check successfully.

Serial number (magic cookie) for the routing is: -15512
Circuit successfully routed with a channel width factor of 100.
# Synchronize the packed netlist to routing optimization
## Annotating rr_node with routed nets
## Annotating rr_node with routed nets took 0.00 seconds (max_rss 63.7 MiB, delta_rss +0.0 MiB)
Found 2 mismatches between routing and packing results.
Fixed 1 routing traces due to mismatch between routing and packing results.
# Synchronize the packed netlist to routing optimization took 0.00 seconds (max_rss 63.7 MiB, delta_rss +0.0 MiB)
Final Clustering Statistics: 
----------   --------   ------------------------------------   --------------------------
Block Type   # Blocks   Avg. # of input clocks and pins used   Avg. # of output pins used
----------   --------   ------------------------------------   --------------------------
     EMPTY          0                                      0                            0   
        io          3                               0.333333                     0.666667   
       clb          1                                      3                            2   
   mult_36          0                                      0                            0   
    memory          0                                      0                            0   
Absorbed logical nets 21 out of 25 nets, 4 nets not absorbed.


Average number of bends per net: 1.00000  Maximum # of bends: 2

Number of global nets: 2
Number of routed nets (nonglobal): 2
Wire length results (in units of 1 clb segments)...
	Total wirelength: 4, average net length: 2.00000
	Maximum net length: 3

Wire length results in terms of physical segments...
	Total wiring segments used: 4, average wire segments per net: 2.00000
	Maximum segments used by a net: 3
	Total local nets with reserved CLB opins: 0
Total number of nets absorbed: 0

Routing channel utilization histogram:
[        1:      inf) 0 (  0.0%) |
[      0.9:        1) 0 (  0.0%) |
[      0.8:      0.9) 0 (  0.0%) |
[      0.7:      0.8) 0 (  0.0%) |
[      0.5:      0.6) 0 (  0.0%) |
[      0.4:      0.5) 0 (  0.0%) |
[      0.3:      0.4) 0 (  0.0%) |
[      0.2:      0.3) 0 (  0.0%) |
[      0.1:      0.2) 0 (  0.0%) |
[        0:      0.1) 8 (100.0%) |*************************************************
Maximum routing channel utilization:      0.01 at (1,0)

X - Directed channels:   j max occ ave occ capacity
                      ---- ------- ------- --------
                         0       1   0.333      100
                         1       1   0.333      100
Y - Directed channels:   i max occ ave occ capacity
                      ---- ------- ------- --------
                         0       1   0.333      100
                         1       1   0.333      100

Total tracks in x-direction: 200, in y-direction: 200

Logic area (in minimum width transistor areas, excludes I/Os and empty grid tiles)...
	Total logic block area (Warning, need to add pitch of routing to blocks with height > 3): 53894
	Total used logic block area: 53894

Routing area (in minimum width transistor areas)...
	Total routing area: 21226.3, per logic tile: 2358.48

Total Number of Wiring Segments by Direction: direction length number
                                              --------- ------ -------
                                                      X      4    200
                                                      Y      4    200

X - Directed Wiring Segment usage by length: length utilization
                                             ------ -----------
                                            4        0.01

Y - Directed Wiring Segment usage by length: length utilization
                                             ------ -----------
                                            4        0.01

Segment usage by type (index):              name type utilization
                               ----------------- ---- -----------
                               unnamed_segment_0    0        0.01

Final hold Worst Negative Slack (hWNS): 0 ns
Final hold Total Negative Slack (hTNS): 0 ns

Final hold slack histogram:
[  3.2e-10:  3.5e-10) 5 ( 83.3%) |*************************************************
[  3.5e-10:  3.9e-10) 0 (  0.0%) |
[  3.9e-10:  4.2e-10) 0 (  0.0%) |
[  4.2e-10:  4.6e-10) 0 (  0.0%) |
[  4.6e-10:  4.9e-10) 0 (  0.0%) |
[  4.9e-10:  5.2e-10) 0 (  0.0%) |
[  5.2e-10:  5.6e-10) 0 (  0.0%) |
[  5.6e-10:  5.9e-10) 0 (  0.0%) |
[  5.9e-10:  6.3e-10) 0 (  0.0%) |
[  6.3e-10:  6.6e-10) 1 ( 16.7%) |**********

Final critical path delay (least slack): 1.47 ns, Fmax: 680.272 MHz
Final setup Worst Negative Slack (sWNS): -1.47 ns
Final setup Total Negative Slack (sTNS): -7.82401 ns

Final setup slack histogram:
[ -1.5e-09: -1.4e-09) 4 ( 66.7%) |*************************************************
[ -1.4e-09: -1.3e-09) 0 (  0.0%) |
[ -1.3e-09: -1.3e-09) 0 (  0.0%) |
[ -1.3e-09: -1.2e-09) 0 (  0.0%) |
[ -1.2e-09: -1.2e-09) 0 (  0.0%) |
[ -1.2e-09: -1.1e-09) 1 ( 16.7%) |************
[ -1.1e-09:   -1e-09) 0 (  0.0%) |
[   -1e-09: -9.9e-10) 0 (  0.0%) |
[ -9.9e-10: -9.2e-10) 0 (  0.0%) |
[ -9.2e-10: -8.6e-10) 1 ( 16.7%) |************

Final geomean non-virtual intra-domain period: 1.47 ns (680.272 MHz)
Final fanout-weighted geomean non-virtual intra-domain period: 1.47 ns (680.272 MHz)

Incr Slack updates 1 in 2.511e-06 sec
Full Max Req/Worst Slack updates 1 in 1.073e-06 sec
Incr Max Req/Worst Slack updates 0 in 0 sec
Incr Criticality updates 0 in 0 sec
Full Criticality updates 1 in 1.562e-06 sec
Flow timing analysis took 0.000828818 seconds (0.000783826 STA, 4.4992e-05 slack) (8 full updates: 5 setup, 0 hold, 3 combined).
VPR succeeded
The entire flow of VPR took 0.08 seconds (max_rss 63.7 MiB)
Incr Slack updates 2 in 3.001e-06 sec
Full Max Req/Worst Slack updates 1 in 1.451e-06 sec
Incr Max Req/Worst Slack updates 1 in 5.91e-07 sec
Incr Criticality updates 1 in 1.47e-06 sec
Full Criticality updates 1 in 1.614e-06 sec
	Command being timed: "/home/majx/vtr-verilog-to-routing/vpr/vpr EArch.xml blink --circuit_file blink.pre-vpr.blif --route_chan_width 100"
	User time (seconds): 0.07
	System time (seconds): 0.01
	Percent of CPU this job got: 98%
	Elapsed (wall clock) time (h:mm:ss or m:ss): 0:00.08
	Average shared text size (kbytes): 0
	Average unshared data size (kbytes): 0
	Average stack size (kbytes): 0
	Average total size (kbytes): 0
	Maximum resident set size (kbytes): 65240
	Average resident set size (kbytes): 0
	Major (requiring I/O) page faults: 0
	Minor (reclaiming a frame) page faults: 5105
	Voluntary context switches: 1
	Involuntary context switches: 1
	Swaps: 0
	File system inputs: 0
	File system outputs: 328
	Socket messages sent: 0
	Socket messages received: 0
	Signals delivered: 0
	Page size (bytes): 4096
	Exit status: 0
